2025-02-11 11:11:31,292 [INFO] Activator:176 - 


2025-02-11 11:11:31,296 [INFO] Activator:177 - !SESSION log4j initialized
2025-02-11 11:11:36,704 [INFO] LogOutputStream:77 - [STDOUT_REDIRECT] 
2025-02-11 11:11:39,121 [INFO] ApplicationProperties:184 - Using Application install path: C:\ST\STM32CubeIDE_1.17.0\STM32CubeIDE\plugins\com.st.stm32cube.common.mx_6.13.0.202411220809
2025-02-11 11:11:39,140 [INFO] DbMcusXml:78 - Set database path to: C:\ST\STM32CubeIDE_1.17.0\STM32CubeIDE\plugins\com.st.stm32cube.common.mx_6.13.0.202411220809\\db\/mcu/
2025-02-11 11:11:39,140 [INFO] ApiDb:274 - Set plugin database path to: C:\ST\STM32CubeIDE_1.17.0\STM32CubeIDE\plugins\com.st.stm32cube.common.mx_6.13.0.202411220809\\db\/plugins/boardmanager/
2025-02-11 11:11:39,141 [WARN] ApiDb:259 - Overriding images path with different value:  => C:\ST\STM32CubeIDE_1.17.0\STM32CubeIDE\plugins\com.st.stm32cube.common.mx_6.13.0.202411220809\\db\/plugins/mcufinder/images/
2025-02-11 11:11:39,146 [INFO] ApiDb:250 - Set database path to: C:\Users\EMaso\.stmcufinder\plugins\mcufinder//mcu/
2025-02-11 11:11:39,147 [INFO] DbMcusAds:125 - Set database path to: C:\Users\EMaso\.stmcufinder\plugins\mcufinder//mcu/
2025-02-11 11:11:39,150 [INFO] CrossReferenceDbSqlite:203 - Set database path to: C:\Users\EMaso\.stmcufinder\plugins\mcufinder//mcu/cs/
2025-02-11 11:11:39,294 [INFO] RulesReader:64 - Compatibility file has been processed (297 Rules)
2025-02-11 11:11:39,414 [INFO] DbMcusXml:78 - Set database path to: C:\ST\STM32CubeIDE_1.17.0\STM32CubeIDE\plugins\com.st.stm32cube.common.mx_6.13.0.202411220809\\db\/mcu/
2025-02-11 11:11:39,414 [INFO] ApiDb:274 - Set plugin database path to: C:\ST\STM32CubeIDE_1.17.0\STM32CubeIDE\plugins\com.st.stm32cube.common.mx_6.13.0.202411220809\\db\/plugins/boardmanager/
2025-02-11 11:11:39,415 [INFO] ApiDb:261 - Set plugin images path to: C:\ST\STM32CubeIDE_1.17.0\STM32CubeIDE\plugins\com.st.stm32cube.common.mx_6.13.0.202411220809\\db\/plugins/mcufinder/images/
2025-02-11 11:11:39,415 [WARN] DbFile:41 - Overriding database path with different value: C:\Users\EMaso\.stmcufinder\plugins\mcufinder/ => C:\Users\EMaso\.stmcufinder\plugins\mcufinder
2025-02-11 11:11:39,415 [INFO] ApiDb:250 - Set database path to: C:\Users\EMaso\.stmcufinder\plugins\mcufinder//mcu/
2025-02-11 11:11:39,415 [WARN] DbFile:41 - Overriding database path with different value: C:\Users\EMaso\.stmcufinder\plugins\mcufinder/ => C:\Users\EMaso\.stmcufinder\plugins\mcufinder
2025-02-11 11:11:39,415 [INFO] DbMcusAds:125 - Set database path to: C:\Users\EMaso\.stmcufinder\plugins\mcufinder//mcu/
2025-02-11 11:11:39,415 [WARN] DbFile:41 - Overriding database path with different value: C:\Users\EMaso\.stmcufinder\plugins\mcufinder/ => C:\Users\EMaso\.stmcufinder\plugins\mcufinder
2025-02-11 11:11:39,415 [WARN] DbFile:41 - Overriding database path with different value: C:\Users\EMaso\.stmcufinder\plugins\mcufinder/ => C:\Users\EMaso\.stmcufinder\plugins\mcufinder
2025-02-11 11:11:39,415 [INFO] CrossReferenceDbSqlite:203 - Set database path to: C:\Users\EMaso\.stmcufinder\plugins\mcufinder//mcu/cs/
2025-02-11 11:11:39,547 [INFO] MainPanel:272 - HeapMemory: 268435456
2025-02-11 11:11:39,735 [INFO] DbMcusXml:78 - Set database path to: C:\ST\STM32CubeIDE_1.17.0\STM32CubeIDE\plugins\com.st.stm32cube.common.mx_6.13.0.202411220809\\db\/mcu/
2025-02-11 11:11:39,735 [INFO] ApiDb:274 - Set plugin database path to: C:\ST\STM32CubeIDE_1.17.0\STM32CubeIDE\plugins\com.st.stm32cube.common.mx_6.13.0.202411220809\\db\/plugins/boardmanager/
2025-02-11 11:11:39,735 [INFO] ApiDb:261 - Set plugin images path to: C:\ST\STM32CubeIDE_1.17.0\STM32CubeIDE\plugins\com.st.stm32cube.common.mx_6.13.0.202411220809\\db\/plugins/mcufinder/images/
2025-02-11 11:11:39,735 [WARN] DbFile:41 - Overriding database path with different value: C:\Users\EMaso\.stmcufinder\plugins\mcufinder/ => C:\Users\EMaso\.stmcufinder\plugins\mcufinder
2025-02-11 11:11:39,735 [INFO] ApiDb:250 - Set database path to: C:\Users\EMaso\.stmcufinder\plugins\mcufinder//mcu/
2025-02-11 11:11:39,736 [WARN] DbFile:41 - Overriding database path with different value: C:\Users\EMaso\.stmcufinder\plugins\mcufinder/ => C:\Users\EMaso\.stmcufinder\plugins\mcufinder
2025-02-11 11:11:39,736 [INFO] DbMcusAds:125 - Set database path to: C:\Users\EMaso\.stmcufinder\plugins\mcufinder//mcu/
2025-02-11 11:11:39,736 [WARN] DbFile:41 - Overriding database path with different value: C:\Users\EMaso\.stmcufinder\plugins\mcufinder/ => C:\Users\EMaso\.stmcufinder\plugins\mcufinder
2025-02-11 11:11:39,736 [WARN] DbFile:41 - Overriding database path with different value: C:\Users\EMaso\.stmcufinder\plugins\mcufinder/ => C:\Users\EMaso\.stmcufinder\plugins\mcufinder
2025-02-11 11:11:39,737 [INFO] CrossReferenceDbSqlite:203 - Set database path to: C:\Users\EMaso\.stmcufinder\plugins\mcufinder//mcu/cs/
2025-02-11 11:11:39,783 [INFO] ApplicationProperties:184 - Using Application install path: C:\ST\STM32CubeIDE_1.17.0\STM32CubeIDE\plugins\com.st.stm32cube.common.mx_6.13.0.202411220809
2025-02-11 11:11:39,785 [INFO] PluginManage:196 - Search for loadable plugins [exclusion list=, ]
2025-02-11 11:11:39,789 [INFO] PluginManage:310 - Check plugin analytics
2025-02-11 11:11:40,113 [INFO] AnalyticsPlugin:253 - Accepted Software Licenses: 
2025-02-11 11:11:40,114 [INFO] AnalyticsPlugin:255 - Accepted CMSIS Pack Licenses: 
2025-02-11 11:11:40,114 [INFO] AnalyticsPlugin:257 - Accepted Firmware Licenses: FW.H7.1.12.0
2025-02-11 11:11:40,119 [INFO] PluginManage:359 - Loaded plugin analytics (category:tool,tabindex:-1)
2025-02-11 11:11:40,120 [INFO] PluginManage:310 - Check plugin cadmodel
2025-02-11 11:11:40,142 [INFO] CADModel:105 - Init CAD model plugin
2025-02-11 11:11:40,142 [INFO] PluginManage:359 - Loaded plugin cadmodel (category:power,tabindex:5)
2025-02-11 11:11:40,142 [INFO] PluginManage:310 - Check plugin clock
2025-02-11 11:11:40,169 [INFO] PluginManage:359 - Loaded plugin clock (category:base,tabindex:2)
2025-02-11 11:11:40,170 [INFO] PluginManage:310 - Check plugin ddr
2025-02-11 11:11:40,174 [INFO] PluginManage:359 - Loaded plugin ddr (category:tool,tabindex:6)
2025-02-11 11:11:40,174 [INFO] PluginManage:310 - Check plugin filemanager
2025-02-11 11:11:40,410 [INFO] PluginManage:359 - Loaded plugin filemanager (category:base,tabindex:10)
2025-02-11 11:11:40,410 [INFO] PluginManage:310 - Check plugin ipmanager
2025-02-11 11:11:40,422 [INFO] PluginManage:359 - Loaded plugin ipmanager (category:base,tabindex:5)
2025-02-11 11:11:40,423 [INFO] PluginManage:310 - Check plugin lpbam
2025-02-11 11:11:40,453 [INFO] PluginManage:359 - Loaded plugin lpbam (category:base,tabindex:0)
2025-02-11 11:11:40,453 [INFO] PluginManage:310 - Check plugin memorymap
2025-02-11 11:11:40,500 [INFO] PluginManage:359 - Loaded plugin memorymap (category:base,tabindex:4)
2025-02-11 11:11:40,501 [INFO] PluginManage:310 - Check plugin pinoutandconfiguration
2025-02-11 11:11:40,526 [INFO] PluginManage:359 - Loaded plugin pinoutandconfiguration (category:base,tabindex:1)
2025-02-11 11:11:40,527 [INFO] PluginManage:310 - Check plugin pinoutconfig
2025-02-11 11:11:40,662 [WARN] SupportedApi:132 - Cannot load RTOS API schema: s4s-elt-must-match.1: The content of 'definitions' must match (annotation?, (simpleType | complexType)?, (unique | key | keyref)*)). A problem was found starting at: attribute.
2025-02-11 11:11:40,913 [INFO] PluginManage:359 - Loaded plugin pinoutconfig (category:base,tabindex:0)
2025-02-11 11:11:40,913 [INFO] PluginManage:310 - Check plugin power
2025-02-11 11:11:40,971 [INFO] PluginManage:359 - Loaded plugin power (category:power,tabindex:4)
2025-02-11 11:11:40,971 [INFO] PluginManage:310 - Check plugin projectmanager
2025-02-11 11:11:41,005 [INFO] PluginManage:359 - Loaded plugin projectmanager (category:projectmanager,tabindex:4)
2025-02-11 11:11:41,006 [INFO] PluginManage:310 - Check plugin rif
2025-02-11 11:11:41,037 [INFO] PluginManage:359 - Loaded plugin rif (category:base,tabindex:3)
2025-02-11 11:11:41,039 [INFO] PluginManage:310 - Check plugin thirdparty
2025-02-11 11:11:41,491 [INFO] PluginManage:359 - Loaded plugin thirdparty (category:base,tabindex:-1)
2025-02-11 11:11:41,491 [WARN] IntegrityCheckThread:84 - waiting for thirdparty lock release [integrity check]
2025-02-11 11:11:41,491 [INFO] IntegrityCheckThread:86 - entering critical section [integrity check]
2025-02-11 11:11:41,491 [INFO] PluginManage:310 - Check plugin tools
2025-02-11 11:11:41,492 [INFO] ThirdPartyUpdaterWithRetryManager:70 - Updater plugin not ready yet. [1/15]
2025-02-11 11:11:41,534 [INFO] PluginManage:359 - Loaded plugin tools (category:base,tabindex:7)
2025-02-11 11:11:41,534 [INFO] PluginManage:310 - Check plugin tutovideos
2025-02-11 11:11:41,849 [INFO] PluginManage:359 - Loaded plugin tutovideos (category:base,tabindex:-1)
2025-02-11 11:11:41,850 [INFO] PluginManage:310 - Check plugin updater
2025-02-11 11:11:41,896 [INFO] PluginManage:359 - Loaded plugin updater (category:base,tabindex:12)
2025-02-11 11:11:41,896 [INFO] PluginManage:310 - Check plugin userauth
2025-02-11 11:11:41,904 [INFO] UserAuth:118 - Init User Auth plugin
2025-02-11 11:11:41,905 [INFO] PluginManage:359 - Loaded plugin userauth (category:base,tabindex:14)
2025-02-11 11:11:41,906 [INFO] PluginManage:283 - PluginManage : Loaded plugins [18]
2025-02-11 11:11:42,276 [INFO] PinOutPanel:1589 - setPackage(No Configuration,No Configuration)
2025-02-11 11:11:42,442 [INFO] CADModel:165 - CPN selected for project level
2025-02-11 11:11:42,442 [INFO] CADModel:114 - Register for checkConnection events
2025-02-11 11:11:42,496 [INFO] IPUIPlugin:80 - create IPUIPlugin
2025-02-11 11:11:42,505 [INFO] PluginManager:220 - loadIPPluginJar : add adc
2025-02-11 11:11:42,565 [INFO] IPUIPlugin:80 - create IPUIPlugin
2025-02-11 11:11:42,565 [INFO] PluginManager:220 - loadIPPluginJar : add aes
2025-02-11 11:11:42,642 [INFO] IPUIPlugin:80 - create IPUIPlugin
2025-02-11 11:11:42,643 [INFO] PluginManager:220 - loadIPPluginJar : add can
2025-02-11 11:11:42,677 [INFO] IPUIPlugin:80 - create IPUIPlugin
2025-02-11 11:11:42,678 [INFO] PluginManager:220 - loadIPPluginJar : add comp
2025-02-11 11:11:42,749 [INFO] IPUIPlugin:80 - create IPUIPlugin
2025-02-11 11:11:42,749 [INFO] PluginManager:220 - loadIPPluginJar : add cryp
2025-02-11 11:11:42,774 [INFO] IPUIPlugin:80 - create IPUIPlugin
2025-02-11 11:11:42,774 [INFO] PluginManager:220 - loadIPPluginJar : add ddr_ctrl_phy
2025-02-11 11:11:42,845 [INFO] IPUIPlugin:80 - create IPUIPlugin
2025-02-11 11:11:42,846 [INFO] PluginManager:220 - loadIPPluginJar : add dfsdm
2025-02-11 11:11:42,875 [INFO] IPUIPlugin:80 - create IPUIPlugin
2025-02-11 11:11:42,876 [INFO] PluginManager:220 - loadIPPluginJar : add dma
2025-02-11 11:11:42,961 [INFO] IPUIPlugin:80 - create IPUIPlugin
2025-02-11 11:11:42,961 [INFO] PluginManager:220 - loadIPPluginJar : add dma3
2025-02-11 11:11:43,060 [INFO] IPUIPlugin:80 - create IPUIPlugin
2025-02-11 11:11:43,060 [INFO] PluginManager:220 - loadIPPluginJar : add extmemmanager
2025-02-11 11:11:43,111 [INFO] IPUIPlugin:80 - create IPUIPlugin
2025-02-11 11:11:43,111 [INFO] PluginManager:220 - loadIPPluginJar : add fatfs
2025-02-11 11:11:43,214 [INFO] IPUIPlugin:80 - create IPUIPlugin
2025-02-11 11:11:43,215 [INFO] PluginManager:220 - loadIPPluginJar : add fmc
2025-02-11 11:11:43,247 [INFO] IPUIPlugin:80 - create IPUIPlugin
2025-02-11 11:11:43,247 [INFO] PluginManager:220 - loadIPPluginJar : add freertos
2025-02-11 11:11:43,300 [INFO] IPUIPlugin:80 - create IPUIPlugin
2025-02-11 11:11:43,301 [INFO] PluginManager:220 - loadIPPluginJar : add genericplugin
2025-02-11 11:11:43,519 [INFO] IPUIPlugin:80 - create IPUIPlugin
2025-02-11 11:11:43,519 [INFO] PluginManager:220 - loadIPPluginJar : add gfxmmu
2025-02-11 11:11:43,843 [INFO] IPUIPlugin:80 - create IPUIPlugin
2025-02-11 11:11:43,843 [INFO] PluginManager:220 - loadIPPluginJar : add gic
2025-02-11 11:11:43,872 [INFO] IPUIPlugin:80 - create IPUIPlugin
2025-02-11 11:11:43,873 [INFO] PluginManager:220 - loadIPPluginJar : add gpio
2025-02-11 11:11:44,048 [INFO] IPUIPlugin:80 - create IPUIPlugin
2025-02-11 11:11:44,049 [INFO] PluginManager:220 - loadIPPluginJar : add gtzc
2025-02-11 11:11:44,136 [INFO] IPUIPlugin:80 - create IPUIPlugin
2025-02-11 11:11:44,136 [INFO] PluginManager:220 - loadIPPluginJar : add hash
2025-02-11 11:11:44,261 [INFO] IPUIPlugin:80 - create IPUIPlugin
2025-02-11 11:11:44,262 [INFO] PluginManager:220 - loadIPPluginJar : add i2c
2025-02-11 11:11:44,350 [INFO] IPUIPlugin:80 - create IPUIPlugin
2025-02-11 11:11:44,350 [INFO] PluginManager:220 - loadIPPluginJar : add i2s
2025-02-11 11:11:44,458 [INFO] IPUIPlugin:80 - create IPUIPlugin
2025-02-11 11:11:44,459 [INFO] PluginManager:220 - loadIPPluginJar : add i3c
2025-02-11 11:11:44,496 [INFO] ThirdPartyUpdaterWithRetryManager:70 - Updater plugin not ready yet. [2/15]
2025-02-11 11:11:44,636 [INFO] IPUIPlugin:80 - create IPUIPlugin
2025-02-11 11:11:44,637 [INFO] PluginManager:220 - loadIPPluginJar : add ipddr
2025-02-11 11:11:44,832 [INFO] IPUIPlugin:80 - create IPUIPlugin
2025-02-11 11:11:44,832 [INFO] PluginManager:220 - loadIPPluginJar : add linkedlist
2025-02-11 11:11:44,925 [INFO] IPUIPlugin:80 - create IPUIPlugin
2025-02-11 11:11:44,926 [INFO] PluginManager:220 - loadIPPluginJar : add lorawan
2025-02-11 11:11:45,010 [INFO] IPUIPlugin:80 - create IPUIPlugin
2025-02-11 11:11:45,011 [INFO] PluginManager:220 - loadIPPluginJar : add ltdc
2025-02-11 11:11:45,043 [INFO] IPUIPlugin:80 - create IPUIPlugin
2025-02-11 11:11:45,045 [INFO] PluginManager:220 - loadIPPluginJar : add mdma
2025-02-11 11:11:45,063 [INFO] IPUIPlugin:80 - create IPUIPlugin
2025-02-11 11:11:45,064 [INFO] PluginManager:220 - loadIPPluginJar : add nvic
2025-02-11 11:11:45,162 [INFO] IPUIPlugin:80 - create IPUIPlugin
2025-02-11 11:11:45,163 [INFO] PluginManager:220 - loadIPPluginJar : add opamp
2025-02-11 11:11:45,312 [INFO] IPUIPlugin:80 - create IPUIPlugin
2025-02-11 11:11:45,312 [INFO] PluginManager:220 - loadIPPluginJar : add openamp
2025-02-11 11:11:45,411 [INFO] IPUIPlugin:80 - create IPUIPlugin
2025-02-11 11:11:45,411 [INFO] PluginManager:220 - loadIPPluginJar : add pdm2pcm
2025-02-11 11:11:45,443 [INFO] IPUIPlugin:80 - create IPUIPlugin
2025-02-11 11:11:45,448 [INFO] PluginManager:220 - loadIPPluginJar : add plateformsettings
2025-02-11 11:11:45,508 [INFO] IPUIPlugin:80 - create IPUIPlugin
2025-02-11 11:11:45,509 [INFO] PluginManager:220 - loadIPPluginJar : add quadspi
2025-02-11 11:11:45,572 [INFO] IPUIPlugin:80 - create IPUIPlugin
2025-02-11 11:11:45,573 [INFO] PluginManager:220 - loadIPPluginJar : add radio
2025-02-11 11:11:45,601 [INFO] IPUIPlugin:80 - create IPUIPlugin
2025-02-11 11:11:45,601 [INFO] PluginManager:220 - loadIPPluginJar : add resmgrutility
2025-02-11 11:11:45,707 [INFO] IPUIPlugin:80 - create IPUIPlugin
2025-02-11 11:11:45,707 [INFO] PluginManager:220 - loadIPPluginJar : add sai
2025-02-11 11:11:45,794 [INFO] IPUIPlugin:80 - create IPUIPlugin
2025-02-11 11:11:45,794 [INFO] PluginManager:220 - loadIPPluginJar : add spi
2025-02-11 11:11:45,951 [INFO] IPUIPlugin:80 - create IPUIPlugin
2025-02-11 11:11:45,952 [INFO] PluginManager:220 - loadIPPluginJar : add stm32_wpan
2025-02-11 11:11:46,020 [INFO] IPUIPlugin:80 - create IPUIPlugin
2025-02-11 11:11:46,020 [INFO] PluginManager:220 - loadIPPluginJar : add tim
2025-02-11 11:11:46,162 [INFO] IPUIPlugin:80 - create IPUIPlugin
2025-02-11 11:11:46,163 [INFO] PluginManager:220 - loadIPPluginJar : add touchsensing
2025-02-11 11:11:46,220 [INFO] IPUIPlugin:80 - create IPUIPlugin
2025-02-11 11:11:46,221 [INFO] PluginManager:220 - loadIPPluginJar : add tracer_emb
2025-02-11 11:11:46,284 [INFO] IPUIPlugin:80 - create IPUIPlugin
2025-02-11 11:11:46,284 [INFO] PluginManager:220 - loadIPPluginJar : add ts
2025-02-11 11:11:46,350 [INFO] IPUIPlugin:80 - create IPUIPlugin
2025-02-11 11:11:46,350 [INFO] PluginManager:220 - loadIPPluginJar : add tsc
2025-02-11 11:11:46,404 [INFO] IPUIPlugin:80 - create IPUIPlugin
2025-02-11 11:11:46,404 [INFO] PluginManager:220 - loadIPPluginJar : add ucpd
2025-02-11 11:11:46,512 [INFO] IPUIPlugin:80 - create IPUIPlugin
2025-02-11 11:11:46,512 [INFO] PluginManager:220 - loadIPPluginJar : add usart
2025-02-11 11:11:46,616 [INFO] IPUIPlugin:80 - create IPUIPlugin
2025-02-11 11:11:46,616 [INFO] PluginManager:220 - loadIPPluginJar : add usbx
2025-02-11 11:11:46,758 [FATAL] Updater:351 - Updater called before beeing initialized
2025-02-11 11:11:46,818 [INFO] RulesReader:64 - Compatibility file has been processed (297 Rules)
2025-02-11 11:11:46,837 [INFO] RulesReader:64 - Compatibility file has been processed (297 Rules)
2025-02-11 11:11:46,860 [INFO] CADModel:165 - CPN selected for project level
2025-02-11 11:11:46,860 [INFO] CADModel:114 - Register for checkConnection events
2025-02-11 11:11:46,860 [FATAL] Updater:351 - Updater called before beeing initialized
2025-02-11 11:11:46,860 [ERROR] CADModel:125 - Updater not yet initialized, retry later 
2025-02-11 11:11:47,110 [FATAL] Updater:351 - Updater called before beeing initialized
2025-02-11 11:11:47,112 [INFO] CADModel:165 - CPN selected for project level
2025-02-11 11:11:47,113 [INFO] CADModel:114 - Register for checkConnection events
2025-02-11 11:11:47,113 [FATAL] Updater:351 - Updater called before beeing initialized
2025-02-11 11:11:47,113 [ERROR] CADModel:125 - Updater not yet initialized, retry later 
2025-02-11 11:11:47,117 [FATAL] Updater:351 - Updater called before beeing initialized
2025-02-11 11:11:47,250 [FATAL] Updater:351 - Updater called before beeing initialized
2025-02-11 11:11:47,272 [INFO] DbMcusAds:53 - JSON generation date=Tue Dec 17 11:01:15 EST 2024 (1734451275111)
2025-02-11 11:11:47,273 [FATAL] Updater:351 - Updater called before beeing initialized
2025-02-11 11:11:47,323 [WARN] DetailPanel:346 - Failed to get advertising image, set to default
2025-02-11 11:11:47,500 [INFO] ThirdPartyUpdaterWithRetryManager:70 - Updater plugin not ready yet. [3/15]
2025-02-11 11:11:47,635 [FATAL] Updater:351 - Updater called before beeing initialized
2025-02-11 11:11:47,640 [FATAL] Updater:351 - Updater called before beeing initialized
2025-02-11 11:11:47,640 [FATAL] Updater:351 - Updater called before beeing initialized
2025-02-11 11:11:47,640 [WARN] DetailPanel:346 - Failed to get advertising image, set to default
2025-02-11 11:11:47,641 [FATAL] Updater:351 - Updater called before beeing initialized
2025-02-11 11:11:47,727 [ERROR] Updater:1198 - MainUpdater not yet initialized. External WinMGr cannot be set.
2025-02-11 11:11:47,739 [INFO] Updater:1134 - Updater Version found : 6.13.0
2025-02-11 11:11:47,771 [INFO] ApplicationProperties:184 - Using Application install path: C:\ST\STM32CubeIDE_1.17.0\STM32CubeIDE\plugins\com.st.stm32cube.common.mx_6.13.0.202411220809
2025-02-11 11:11:48,294 [INFO] MainUpdater:2872 - connection check result : 10
2025-02-11 11:11:48,295 [INFO] MainUpdater:289 - Updater Check For Update Now.
2025-02-11 11:11:48,295 [INFO] MicroXplorer:498 - Change Database Version : DB.6.0.130
2025-02-11 11:11:48,317 [INFO] McuFinderGlobals:63 - Set McuFinder mode to 2 (CubeIDE integrated)
2025-02-11 11:11:48,339 [INFO] UserAuth:486 - Internet connection configuration mode: 1
2025-02-11 11:11:48,388 [INFO] JxBrowserEngine:152 - Initiate JxBrowser Engine with user profile folder
2025-02-11 11:11:48,530 [INFO] CheckServerUpdateThread:120 - End of CheckServer Thread
2025-02-11 11:11:49,388 [INFO] WebApp:168 - Instantiating new browser for Auth
2025-02-11 11:11:50,187 [INFO] WebApp:449 - Apply proxy settings
2025-02-11 11:11:50,188 [INFO] WebApp:534 - Chromium requires no authentication
2025-02-11 11:11:50,201 [INFO] WebApp:477 - Direct internet connection detected
2025-02-11 11:11:50,236 [INFO] WebApp:880 - Register for checkConnection events
2025-02-11 11:11:50,236 [INFO] WebApp:449 - Apply proxy settings
2025-02-11 11:11:50,237 [INFO] WebApp:534 - Chromium requires no authentication
2025-02-11 11:11:50,237 [INFO] WebApp:477 - Direct internet connection detected
2025-02-11 11:11:50,488 [INFO] WebApp:221 - Starting web application
2025-02-11 11:11:50,488 [INFO] WebApp:579 - Web application path used C:\ST\STM32CubeIDE_1.17.0\STM32CubeIDE\plugins\com.st.stm32cube.common.mx_6.13.0.202411220809\db\plugins\mcufinder\reactClient1\index.html
2025-02-11 11:11:50,520 [INFO] WebApp:187 - Connection restablished
2025-02-11 11:11:50,641 [INFO] UserAuth:486 - Internet connection configuration mode: 1
2025-02-11 11:11:50,817 [WARN] PackLoader:240 - Cannot read IP mode file for STMicroelectronics.FP-SNS-MOTENVWB1.1.4.0
2025-02-11 11:11:50,840 [WARN] PackLoader:240 - Cannot read IP mode file for STMicroelectronics.FP-ATR-ASTRA1.2.0.1
2025-02-11 11:11:50,860 [WARN] PackLoader:240 - Cannot read IP mode file for STMicroelectronics.X-CUBE-SMBUS.2.1.0
2025-02-11 11:11:50,883 [WARN] PackLoader:240 - Cannot read IP mode file for STMicroelectronics.X-CUBE-WB05N.1.1.0
2025-02-11 11:11:50,932 [WARN] PackLoader:240 - Cannot read IP mode file for STMicroelectronics.X-CUBE-AZRTOS-F7.1.1.0
2025-02-11 11:11:50,954 [WARN] PackLoader:240 - Cannot read IP mode file for STMicroelectronics.FP-SNS-FLIGHT1.5.0.2
2025-02-11 11:11:50,994 [WARN] PackLoader:240 - Cannot read IP mode file for Infineon.AIROC-Wi-Fi-Bluetooth-STM32.1.7.0
2025-02-11 11:11:51,020 [WARN] PackLoader:240 - Cannot read IP mode file for STMicroelectronics.X-CUBE-DISPLAY.3.0.0
2025-02-11 11:11:51,043 [WARN] PackLoader:240 - Cannot read IP mode file for STMicroelectronics.X-CUBE-BLE1.7.0.0
2025-02-11 11:11:51,064 [WARN] PackLoader:240 - Cannot read IP mode file for STMicroelectronics.X-CUBE-NFC10.1.0.0
2025-02-11 11:11:51,088 [WARN] PackLoader:240 - Cannot read IP mode file for STMicroelectronics.X-CUBE-BLEMGR.4.0.0
2025-02-11 11:11:51,113 [WARN] PackLoader:240 - Cannot read IP mode file for emotas.I-CUBE-CANOPEN.1.3.0
2025-02-11 11:11:51,130 [WARN] PackLoader:240 - Cannot read IP mode file for STMicroelectronics.X-CUBE-AI.10.0.0
2025-02-11 11:11:51,145 [WARN] PackLoader:240 - Cannot read IP mode file for STMicroelectronics.FP-SNS-SMARTAG2.1.2.0
2025-02-11 11:11:51,202 [WARN] PackLoader:240 - Cannot read IP mode file for STMicroelectronics.X-CUBE-MEMS1.11.1.0
2025-02-11 11:11:51,350 [INFO] LogOutputStream:77 - [STDOUT_REDIRECT] 1 : Invalid condition id : UX_CORESTACK_Condition cause : null
2025-02-11 11:11:51,351 [INFO] LogOutputStream:77 - [STDOUT_REDIRECT] 1 : Invalid condition id : UX_CORESTACK_Condition cause : null
2025-02-11 11:11:51,353 [INFO] LogOutputStream:77 - [STDOUT_REDIRECT] 1 : Invalid condition id : UX_CORESTACK_Condition cause : null
2025-02-11 11:11:51,358 [INFO] LogOutputStream:77 - [STDOUT_REDIRECT] 1 : Invalid condition id : UX_CORESTACK_Condition cause : null
2025-02-11 11:11:51,360 [INFO] LogOutputStream:77 - [STDOUT_REDIRECT] 1 : Invalid condition id : UX_CORESTACK_Condition cause : null
2025-02-11 11:11:51,367 [WARN] PackLoader:240 - Cannot read IP mode file for STMicroelectronics.X-CUBE-AZRTOS-WL.2.0.0
2025-02-11 11:11:51,393 [WARN] PackLoader:240 - Cannot read IP mode file for STMicroelectronics.FP-SNS-MOTENV1.5.0.0
2025-02-11 11:11:51,411 [WARN] PackLoader:240 - Cannot read IP mode file for wolfSSL.I-CUBE-wolfMQTT.1.19.0
2025-02-11 11:11:51,435 [WARN] PackLoader:240 - Cannot read IP mode file for WES.I-CUBE-Cesium.1.3.0
2025-02-11 11:11:51,456 [WARN] PackLoader:240 - Cannot read IP mode file for STMicroelectronics.X-CUBE-BLE2.3.3.0
2025-02-11 11:11:51,476 [WARN] PackLoader:240 - Cannot read IP mode file for STMicroelectronics.X-CUBE-NFC9.1.0.0
2025-02-11 11:11:51,515 [WARN] PackLoader:240 - Cannot read IP mode file for STMicroelectronics.X-CUBE-AZRTOS-G0.1.1.0
2025-02-11 11:11:51,542 [WARN] PackLoader:240 - Cannot read IP mode file for STMicroelectronics.X-CUBE-SAFEA1.1.2.2
2025-02-11 11:11:51,559 [WARN] PackLoader:240 - Cannot read IP mode file for STMicroelectronics.X-CUBE-NFC4.3.0.0
2025-02-11 11:11:51,579 [WARN] PackLoader:240 - Cannot read IP mode file for EmbeddedOffice.I-CUBE-FS-RTOS.1.0.1
2025-02-11 11:11:51,596 [WARN] PackLoader:240 - Cannot read IP mode file for STMicroelectronics.X-CUBE-TCPP.4.2.0
2025-02-11 11:11:51,612 [WARN] PackLoader:240 - Cannot read IP mode file for RealThread.X-CUBE-RT-Thread_Nano.4.1.1
2025-02-11 11:11:51,636 [WARN] PackLoader:240 - Cannot read IP mode file for STMicroelectronics.FP-ATR-SIGFOX1.3.2.0
2025-02-11 11:11:51,652 [WARN] ConditionMgr:438 - getConditionDescription Invalid condition id : Cortex-A Device cause : null
2025-02-11 11:11:51,687 [WARN] ConditionMgr:1044 - genDependencies : Invalid condition id : Cortex-A Device cause : null
2025-02-11 11:11:51,688 [WARN] ConditionMgr:1044 - genDependencies : Invalid condition id : Cortex-A Device cause : null
2025-02-11 11:11:51,688 [WARN] ConditionMgr:1044 - genDependencies : Invalid condition id : Cortex-A Device cause : null
2025-02-11 11:11:51,706 [WARN] PackLoader:240 - Cannot read IP mode file for STMicroelectronics.X-CUBE-EEPRMA1.5.1.0
2025-02-11 11:11:51,730 [WARN] PackLoader:240 - Cannot read IP mode file for wolfSSL.I-CUBE-wolfSSL.5.7.6
2025-02-11 11:11:51,756 [WARN] PackLoader:240 - Cannot read IP mode file for ITTIA_DB.I-CUBE-ITTIADB.8.9.0
2025-02-11 11:11:51,792 [WARN] PackLoader:240 - Cannot read IP mode file for SEGGER.I-CUBE-embOS.1.3.1
2025-02-11 11:11:51,835 [WARN] PackLoader:240 - Cannot read IP mode file for STMicroelectronics.X-CUBE-ALGOBUILD.1.4.0
2025-02-11 11:11:51,872 [WARN] PackLoader:240 - Cannot read IP mode file for STMicroelectronics.X-CUBE-AZRTOS-F4.1.1.0
2025-02-11 11:11:51,890 [WARN] PackLoader:240 - Cannot read IP mode file for STMicroelectronics.X-CUBE-ISPU.2.1.0
2025-02-11 11:11:51,921 [WARN] PackLoader:240 - Cannot read IP mode file for STMicroelectronics.X-CUBE-AZRTOS-L5.2.0.0
2025-02-11 11:11:51,942 [WARN] PackLoader:240 - Cannot read IP mode file for STMicroelectronics.X-CUBE-NFC6.3.1.0
2025-02-11 11:11:51,966 [WARN] PackLoader:240 - Cannot read IP mode file for STMicroelectronics.X-CUBE-DPower.1.2.0
2025-02-11 11:11:51,982 [WARN] PackLoader:240 - Cannot read IP mode file for STMicroelectronics.X-CUBE-FREERTOS.1.3.0
2025-02-11 11:11:52,000 [WARN] PackLoader:240 - Cannot read IP mode file for STMicroelectronics.X-CUBE-NFC7.1.0.1
2025-02-11 11:11:52,040 [WARN] ConditionMgr:438 - getConditionDescription Invalid condition id : LAN8742 Phy interface Condition cause : null
2025-02-11 11:11:52,041 [WARN] PackLoader:240 - Cannot read IP mode file for STMicroelectronics.X-CUBE-AZRTOS-L4.2.0.0
2025-02-11 11:11:52,042 [WARN] ConditionMgr:1044 - genDependencies : Invalid condition id : LAN8742 Phy interface Condition cause : null
2025-02-11 11:11:52,042 [WARN] ConditionMgr:1044 - genDependencies : Invalid condition id : LAN8742 Phy interface Condition cause : null
2025-02-11 11:11:52,043 [WARN] ConditionMgr:1044 - genDependencies : Invalid condition id : LAN8742 Phy interface Condition cause : null
2025-02-11 11:11:52,069 [WARN] PackLoader:240 - Cannot read IP mode file for STMicroelectronics.X-CUBE-SFXS2LP1.4.0.0
2025-02-11 11:11:52,099 [WARN] PackLoader:240 - Cannot read IP mode file for STMicroelectronics.X-CUBE-AZRTOS-H7.3.3.0
2025-02-11 11:11:52,135 [WARN] ConditionMgr:438 - getConditionDescription Invalid condition id : UX DEVICE CLASS RTOS Condition cause : null
2025-02-11 11:11:52,136 [WARN] ConditionMgr:438 - getConditionDescription Invalid condition id : UX DEVICE CLASS RTOS Condition cause : null
2025-02-11 11:11:52,137 [WARN] PackLoader:240 - Cannot read IP mode file for STMicroelectronics.X-CUBE-AZRTOS-WB.2.0.0
2025-02-11 11:11:52,138 [WARN] ConditionMgr:1044 - genDependencies : Invalid condition id : UX DEVICE CLASS RTOS Condition cause : null
2025-02-11 11:11:52,138 [WARN] ConditionMgr:1044 - genDependencies : Invalid condition id : UX DEVICE CLASS RTOS Condition cause : null
2025-02-11 11:11:52,138 [WARN] ConditionMgr:1044 - genDependencies : Invalid condition id : UX DEVICE CLASS RTOS Condition cause : null
2025-02-11 11:11:52,139 [WARN] ConditionMgr:1044 - genDependencies : Invalid condition id : UX DEVICE CLASS RTOS Condition cause : null
2025-02-11 11:11:52,139 [WARN] ConditionMgr:1044 - genDependencies : Invalid condition id : UX DEVICE CLASS RTOS Condition cause : null
2025-02-11 11:11:52,161 [WARN] PackLoader:240 - Cannot read IP mode file for STMicroelectronics.X-CUBE-GNSS1.7.0.1
2025-02-11 11:11:52,185 [WARN] PackLoader:240 - Cannot read IP mode file for STMicroelectronics.FP-SNS-STBOX1.2.0.0
2025-02-11 11:11:52,216 [WARN] PackLoader:240 - Cannot read IP mode file for STMicroelectronics.X-CUBE-SUBG2.5.0.0
2025-02-11 11:11:52,236 [WARN] PackLoader:240 - Cannot read IP mode file for Cesanta.I-CUBE-Mongoose.7.13.0
2025-02-11 11:11:52,261 [WARN] PackLoader:240 - Cannot read IP mode file for STMicroelectronics.X-CUBE-AZRTOS-G4.2.0.0
2025-02-11 11:11:52,282 [WARN] PackLoader:240 - Cannot read IP mode file for STMicroelectronics.X-CUBE-IPS.3.1.0
2025-02-11 11:11:52,309 [WARN] PackLoader:240 - Cannot read IP mode file for STMicroelectronics.X-CUBE-ALS.1.0.2
2025-02-11 11:11:52,327 [WARN] PackLoader:240 - Cannot read IP mode file for STMicroelectronics.X-CUBE-TOUCHGFX.4.24.2
2025-02-11 11:11:52,344 [WARN] PackLoader:240 - Cannot read IP mode file for wolfSSL.I-CUBE-wolfTPM.3.4.0
2025-02-11 11:11:52,361 [WARN] PackLoader:240 - Cannot read IP mode file for portGmbH.I-Cube-SoM-uGOAL.1.1.0
2025-02-11 11:11:52,397 [WARN] PackLoader:240 - Cannot read IP mode file for STMicroelectronics.X-CUBE-AZRTOS-H7RS.1.0.0
2025-02-11 11:11:52,422 [WARN] PackLoader:240 - Cannot read IP mode file for STMicroelectronics.X-CUBE-TOF1.3.4.2
2025-02-11 11:11:52,445 [WARN] PackLoader:240 - Cannot read IP mode file for wolfSSL.I-CUBE-wolfSSH.1.4.17
2025-02-11 11:11:52,445 [INFO] ThirdParty:978 - Integrity check success = true
2025-02-11 11:11:52,446 [INFO] IntegrityCheckThread:100 - exiting critical section [integrity check]
2025-02-11 11:11:52,446 [INFO] IntegrityCheckThread:103 - End integrity checks thread
2025-02-11 11:25:33,943 [INFO] WebApp:190 - Connection lost
2025-02-11 11:25:35,319 [INFO] WebApp:187 - Connection restablished
2025-02-11 11:25:36,820 [INFO] WebApp:190 - Connection lost
2025-02-11 11:25:36,970 [INFO] WebApp:187 - Connection restablished
2025-02-11 11:35:24,811 [INFO] WebApp:190 - Connection lost
2025-02-11 11:35:24,957 [INFO] WebApp:187 - Connection restablished
2025-02-11 11:35:52,213 [INFO] WebApp:190 - Connection lost
2025-02-11 11:35:52,351 [INFO] WebApp:187 - Connection restablished
2025-02-11 12:56:15,331 [INFO] WebApp:190 - Connection lost
2025-02-11 12:56:15,532 [INFO] WebApp:187 - Connection restablished
2025-02-11 13:30:19,522 [INFO] WebApp:190 - Connection lost
2025-02-11 13:30:19,867 [INFO] WebApp:187 - Connection restablished
2025-02-11 13:30:22,817 [INFO] WebApp:190 - Connection lost
2025-02-11 13:30:23,026 [INFO] WebApp:187 - Connection restablished
2025-02-11 13:53:34,756 [INFO] WebApp:190 - Connection lost
2025-02-11 13:53:35,936 [INFO] WebApp:187 - Connection restablished
2025-02-11 13:53:39,809 [INFO] WebApp:190 - Connection lost
2025-02-11 13:53:39,993 [INFO] WebApp:187 - Connection restablished
2025-02-11 14:08:46,856 [INFO] WebApp:190 - Connection lost
2025-02-11 14:08:47,174 [INFO] WebApp:187 - Connection restablished
2025-02-11 14:58:08,179 [INFO] WebApp:190 - Connection lost
2025-02-11 14:58:13,981 [INFO] WebApp:187 - Connection restablished
2025-02-11 15:01:13,357 [INFO] WebApp:190 - Connection lost
2025-02-11 15:01:13,524 [INFO] WebApp:187 - Connection restablished
2025-02-11 15:15:18,347 [INFO] WebApp:190 - Connection lost
2025-02-11 15:15:18,509 [INFO] WebApp:187 - Connection restablished
2025-02-11 15:25:25,329 [INFO] WebApp:190 - Connection lost
2025-02-11 15:25:25,505 [INFO] WebApp:187 - Connection restablished
2025-02-11 15:37:35,847 [INFO] WebApp:190 - Connection lost
2025-02-11 15:37:36,008 [INFO] WebApp:187 - Connection restablished
2025-02-11 15:48:43,354 [INFO] WebApp:190 - Connection lost
2025-02-11 15:48:43,519 [INFO] WebApp:187 - Connection restablished
2025-02-11 15:50:37,831 [INFO] WebApp:190 - Connection lost
2025-02-11 15:50:37,994 [INFO] WebApp:187 - Connection restablished
2025-02-11 17:10:40,365 [INFO] WebApp:190 - Connection lost
2025-02-11 17:10:40,549 [INFO] WebApp:187 - Connection restablished
2025-02-11 17:10:44,348 [INFO] WebApp:190 - Connection lost
2025-02-11 17:10:44,510 [INFO] WebApp:187 - Connection restablished
2025-02-11 17:13:24,336 [INFO] WebApp:190 - Connection lost
2025-02-11 17:13:24,579 [INFO] WebApp:187 - Connection restablished
2025-02-11 17:26:40,294 [INFO] WebApp:190 - Connection lost
2025-02-11 17:26:40,476 [INFO] WebApp:187 - Connection restablished
2025-02-11 17:27:49,295 [INFO] WebApp:190 - Connection lost
2025-02-11 17:27:49,458 [INFO] WebApp:187 - Connection restablished
2025-02-11 17:30:02,808 [INFO] WebApp:190 - Connection lost
2025-02-11 17:30:02,947 [INFO] WebApp:187 - Connection restablished
2025-02-11 17:30:18,302 [INFO] WebApp:190 - Connection lost
2025-02-11 17:30:18,436 [INFO] WebApp:187 - Connection restablished
2025-02-11 17:38:55,807 [INFO] WebApp:190 - Connection lost
2025-02-11 17:38:55,964 [INFO] WebApp:187 - Connection restablished
2025-02-11 17:54:02,296 [INFO] WebApp:190 - Connection lost
2025-02-11 17:54:02,441 [INFO] WebApp:187 - Connection restablished
2025-02-11 17:54:38,804 [INFO] WebApp:190 - Connection lost
2025-02-11 17:54:38,942 [INFO] WebApp:187 - Connection restablished
2025-02-11 17:55:54,787 [INFO] WebApp:190 - Connection lost
2025-02-11 17:55:54,923 [INFO] WebApp:187 - Connection restablished
2025-02-11 17:57:53,301 [INFO] WebApp:190 - Connection lost
2025-02-11 17:57:53,455 [INFO] WebApp:187 - Connection restablished
2025-02-11 18:08:56,800 [INFO] WebApp:190 - Connection lost
2025-02-11 18:08:56,972 [INFO] WebApp:187 - Connection restablished
2025-02-11 18:14:19,818 [INFO] WebApp:190 - Connection lost
2025-02-11 18:14:19,973 [INFO] WebApp:187 - Connection restablished
2025-02-11 18:21:14,809 [INFO] WebApp:190 - Connection lost
2025-02-11 18:21:14,970 [INFO] WebApp:187 - Connection restablished
2025-02-11 18:23:59,309 [INFO] WebApp:190 - Connection lost
2025-02-11 18:23:59,460 [INFO] WebApp:187 - Connection restablished
2025-02-11 18:26:38,807 [INFO] WebApp:190 - Connection lost
2025-02-11 18:26:38,948 [INFO] WebApp:187 - Connection restablished
2025-02-11 18:27:04,308 [INFO] WebApp:190 - Connection lost
2025-02-11 18:27:04,477 [INFO] WebApp:187 - Connection restablished
2025-02-11 18:47:17,312 [INFO] WebApp:190 - Connection lost
2025-02-11 18:47:18,765 [INFO] WebApp:187 - Connection restablished
2025-02-11 19:48:46,415 [INFO] WebApp:190 - Connection lost
2025-02-11 19:48:46,559 [INFO] WebApp:187 - Connection restablished
2025-02-11 19:49:14,913 [INFO] WebApp:190 - Connection lost
2025-02-11 19:49:15,066 [INFO] WebApp:187 - Connection restablished
2025-02-11 21:49:51,732 [INFO] WebApp:190 - Connection lost
2025-02-11 21:49:51,879 [INFO] WebApp:187 - Connection restablished
2025-02-11 21:50:18,632 [INFO] WebApp:190 - Connection lost
2025-02-11 21:50:18,768 [INFO] WebApp:187 - Connection restablished
2025-02-11 23:35:16,931 [INFO] WebApp:190 - Connection lost
2025-02-11 23:35:18,909 [INFO] WebApp:187 - Connection restablished
2025-02-11 23:35:20,258 [INFO] WebApp:190 - Connection lost
2025-02-11 23:35:20,459 [INFO] WebApp:187 - Connection restablished
